Serving static Expo files with dynamic manifest routing
Expo routing: Checking expo-platform header on / and /manifest
express server serving on port 5000
POST /api/auth/login 200 in 125ms :: {"user":{"id":"3ee8e062-064f-4845-ac4a-e2d…
GET /api/user/3ee8e062-064f-4845-ac4a-e2ddcb0bb6a1/notifications/unread-count 2…
GET /api/news 200 in 12ms :: {"news":[{"id":"f13ce3e5-ec60-4844-b96f-8674a07416…
GET /api/banners 200 in 13ms :: {"banners":[]}
GET /api/static-pages/home 200 in 97ms :: {"content":{"heroTitle":" ","heroSubt…
GET /api/partners 200 in 97ms :: {"partners":[{"id":"355e0528-9028-407f-8470-ab…
GET /api/videos 200 in 103ms :: {"videos":[{"id":"568eb091-b48f-4493-8127-41be1…
GET /api/user/3ee8e062-064f-4845-ac4a-e2ddcb0bb6a1/notifications/unread-count 3…
GET /api/news 304 in 131ms :: {"news":[{"id":"f13ce3e5-ec60-4844-b96f-8674a0741…
GET /api/partners 304 in 132ms :: {"partners":[{"id":"355e0528-9028-407f-8470-a…
GET /api/static-pages/home 304 in 158ms :: {"content":{"heroTitle":" ","heroSub…
GET /api/banners 304 in 161ms :: {"banners":[]}
GET /api/videos 304 in 165ms :: {"videos":[{"id":"568eb091-b48f-4493-8127-41be1…
POST /api/auth/login 200 in 104ms :: {"user":{"id":"3ee8e062-064f-4845-ac4a-e2d…
GET /api/user/3ee8e062-064f-4845-ac4a-e2ddcb0bb6a1/notifications/unread-count 3…
GET /api/videos 304 in 9ms :: {"videos":[{"id":"568eb091-b48f-4493-8127-41be143…
GET /api/news 304 in 88ms :: {"news":[{"id":"f13ce3e5-ec60-4844-b96f-8674a07416…
GET /api/partners 304 in 109ms :: {"partners":[{"id":"355e0528-9028-407f-8470-a…
GET /api/banners 304 in 117ms :: {"banners":[]}
GET /api/static-pages/home 304 in 184ms :: {"content":{"heroTitle":" ","heroSub…
GET /api/businesses 200 in 6ms :: {"businesses":[{"id":"8bbf60aa-5af4-4ba9-aed2…
GET /api/businesses/bus_004 200 in 5ms :: {"business":{"id":"bus_004","name":"H…
GET /api/businesses/bus_004/reviews 200 in 7ms :: {"reviews":[]}
POST /api/analytics/event 201 in 60ms :: {"event":{"id":"0b14f737-708e-45e8-9fd…
POST /api/analytics/event 201 in 2ms :: {"event":{"id":"a8dd46d6-266e-4c9c-85ad…
GET /api/user/3ee8e062-064f-4845-ac4a-e2ddcb0bb6a1/notifications/unread-count 3…
GET /api/news 200 in 307ms :: {"news":[{"id":"f13ce3e5-ec60-4844-b96f-8674a0741…
GET /api/news 200 in 52ms :: {"news":[{"id":"f13ce3e5-ec60-4844-b96f-8674a07416…
GET /api/users 404 in 1ms
GET /api/usuarios 404 in 1ms
GET /api/news 200 in 54ms :: {"news":[{"id":"f13ce3e5-ec60-4844-b96f-8674a07416…
GET /api/news 200 in 163ms :: {"news":[{"id":"f13ce3e5-ec60-4844-b96f-8674a0741…
GET /api/news 200 in 2ms :: {"news":[{"id":"f13ce3e5-ec60-4844-b96f-8674a07416d…
GET /api/usuariosgo 404 in 2ms
GET /api/static-pages/home 304 in 131ms :: {"content":{"heroTitle":" ","heroSub…
GET /api/partners 304 in 137ms :: {"partners":[{"id":"355e0528-9028-407f-8470-a…
GET /api/user/3ee8e062-064f-4845-ac4a-e2ddcb0bb6a1/notifications/unread-count 3…
GET /api/businesses 304 in 13ms :: {"businesses":[{"id":"8bbf60aa-5af4-4ba9-aed…
GET /api/banners 304 in 148ms :: {"banners":[]}
GET /api/news 304 in 160ms :: {"news":[{"id":"f13ce3e5-ec60-4844-b96f-8674a0741…
GET /api/videos 304 in 163ms :: {"videos":[{"id":"568eb091-b48f-4493-8127-41be1…
POST /api/auth/register 201 in 114ms :: {"user":{"id":"088886bb-31dd-44e0-8b35-…
POST /api/auth/login 200 in 104ms :: {"user":{"id":"088886bb-31dd-44e0-8b35-099…
GET /api/user/088886bb-31dd-44e0-8b35-099f2047d0f2/notifications/unread-count 2…
GET /api/static-pages/home 304 in 10ms :: {"content":{"heroTitle":" ","heroSubt…
GET /api/banners 304 in 12ms :: {"banners":[]}
GET /api/news 304 in 78ms :: {"news":[{"id":"f13ce3e5-ec60-4844-b96f-8674a07416…
GET /api/videos 304 in 99ms :: {"videos":[{"id":"568eb091-b48f-4493-8127-41be14…
GET /api/partners 304 in 100ms :: {"partners":[{"id":"355e0528-9028-407f-8470-a…
GET /api/news 200 in 52ms :: {"news":[{"id":"f13ce3e5-ec60-4844-b96f-8674a07416…
GET /api/user/088886bb-31dd-44e0-8b35-099f2047d0f2/notifications/unread-count 3…
GET /api/news 304 in 79ms :: {"news":[{"id":"f13ce3e5-ec60-4844-b96f-8674a07416…
GET /api/static-pages/home 304 in 83ms :: {"content":{"heroTitle":" ","heroSubt…
GET /api/banners 304 in 91ms :: {"banners":[]}
GET /api/user/088886bb-31dd-44e0-8b35-099f2047d0f2/notifications/unread-count 3…
GET /api/partners 304 in 73ms :: {"partners":[{"id":"355e0528-9028-407f-8470-ab…
GET /api/videos 304 in 75ms :: {"videos":[{"id":"568eb091-b48f-4493-8127-41be14…
GET /api/user/088886bb-31dd-44e0-8b35-099f2047d0f2/notifications/unread-count 3…
GET /api/news 304 in 53ms :: {"news":[{"id":"f13ce3e5-ec60-4844-b96f-8674a07416…
GET /api/partners 304 in 4ms :: {"partners":[{"id":"355e0528-9028-407f-8470-ab2…
GET /api/banners 304 in 60ms :: {"banners":[]}
GET /api/user/088886bb-31dd-44e0-8b35-099f2047d0f2/notifications/unread-count 3…
GET /api/videos 304 in 58ms :: {"videos":[{"id":"568eb091-b48f-4493-8127-41be14…
GET /api/static-pages/home 304 in 164ms :: {"content":{"heroTitle":" ","heroSub…
GET /api/user/088886bb-31dd-44e0-8b35-099f2047d0f2/notifications/unread-count 3…
GET /api/news/f13ce3e5-ec60-4844-b96f-8674a07416db 200 in 86ms :: {"news":{"id"…
GET /api/banners 200 in 86ms :: {"banners":[]}
GET /api/news 200 in 6ms :: {"news":[{"id":"f13ce3e5-ec60-4844-b96f-8674a07416d…
GET /api/partners 304 in 6ms :: {"partners":[{"id":"355e0528-9028-407f-8470-ab2…
GET /api/banners 304 in 4ms :: {"banners":[]}
GET /api/videos 304 in 4ms :: {"videos":[{"id":"568eb091-b48f-4493-8127-41be143…
GET /api/user/088886bb-31dd-44e0-8b35-099f2047d0f2/notifications/unread-count 3…
GET /api/static-pages/home 304 in 3ms :: {"content":{"heroTitle":" ","heroSubti…
POST /api/auth/login 200 in 120ms :: {"user":{"id":"3ee8e062-064f-4845-ac4a-e2d…
GET /api/user/3ee8e062-064f-4845-ac4a-e2ddcb0bb6a1/notifications/unread-count 3…
GET /api/static-pages/home 304 in 4ms :: {"content":{"heroTitle":" ","heroSubti…
GET /api/news 304 in 12ms :: {"news":[{"id":"f13ce3e5-ec60-4844-b96f-8674a07416…
GET /api/videos 304 in 7ms :: {"videos":[{"id":"568eb091-b48f-4493-8127-41be143…
GET /api/partners 304 in 15ms :: {"partners":[{"id":"355e0528-9028-407f-8470-ab…
GET /api/banners 304 in 86ms :: {"banners":[]}
POST /api/auth/login 200 in 112ms :: {"user":{"id":"3ee8e062-064f-4845-ac4a-e2d…
GET /api/user/3ee8e062-064f-4845-ac4a-e2ddcb0bb6a1/notifications/unread-count 2…
GET /api/static-pages/home 200 in 5ms :: {"content":{"heroTitle":" ","heroSubti…
GET /api/news 200 in 8ms :: {"news":[{"id":"f13ce3e5-ec60-4844-b96f-8674a07416d…
GET /api/partners 200 in 6ms :: {"partners":[{"id":"355e0528-9028-407f-8470-ab2…
GET /api/banners 200 in 78ms :: {"banners":[]}
GET /api/videos 200 in 90ms :: {"videos":[{"id":"568eb091-b48f-4493-8127-41be14…
GET /api/user/3ee8e062-064f-4845-ac4a-e2ddcb0bb6a1/notifications/unread-count 3…
GET /api/static-pages/home 304 in 257ms :: {"content":{"heroTitle":" ","heroSub…
GET /api/partners 304 in 307ms :: {"partners":[{"id":"355e0528-9028-407f-8470-a…
GET /api/videos 304 in 261ms :: {"videos":[{"id":"568eb091-b48f-4493-8127-41be1…
GET /api/news 304 in 335ms :: {"news":[{"id":"f13ce3e5-ec60-4844-b96f-8674a0741…
GET /api/banners 304 in 284ms :: {"banners":[]}
GET /api/user/3ee8e062-064f-4845-ac4a-e2ddcb0bb6a1/notifications/unread-count 3…
POST /api/auth/login 200 in 109ms :: {"user":{"id":"3ee8e062-064f-4845-ac4a-e2d…
GET /api/user/3ee8e062-064f-4845-ac4a-e2ddcb0bb6a1/notifications/unread-count 2…
GET /api/static-pages/home 200 in 4ms :: {"content":{"heroTitle":" ","heroSubti…
GET /api/banners 200 in 6ms :: {"banners":[]}
GET /api/videos 200 in 63ms :: {"videos":[{"id":"568eb091-b48f-4493-8127-41be14…
GET /api/news 200 in 70ms :: {"news":[{"id":"f13ce3e5-ec60-4844-b96f-8674a07416…
GET /api/partners 200 in 69ms :: {"partners":[{"id":"355e0528-9028-407f-8470-ab…
GET /api/user/3ee8e062-064f-4845-ac4a-e2ddcb0bb6a1/notifications/unread-count 3…
POST /api/user/profile/3ee8e062-064f-4845-ac4a-e2ddcb0bb6a1/avatar 200 in 9ms :…
GET /api/user/3ee8e062-064f-4845-ac4a-e2ddcb0bb6a1/notifications/unread-count 3…
GET /api/user/3ee8e062-064f-4845-ac4a-e2ddcb0bb6a1/notifications/unread-count 3…
GET /api/static-pages/home 304 in 113ms :: {"content":{"heroTitle":" ","heroSub…
GET /api/banners 304 in 112ms :: {"banners":[]}
GET /api/partners 304 in 125ms :: {"partners":[{"id":"355e0528-9028-407f-8470-a…
GET /api/videos 304 in 129ms :: {"videos":[{"id":"568eb091-b48f-4493-8127-41be1…
GET /api/news 304 in 134ms :: {"news":[{"id":"f13ce3e5-ec60-4844-b96f-8674a0741…
GET /api/user/3ee8e062-064f-4845-ac4a-e2ddcb0bb6a1/notifications/unread-count 3…
GET /api/static-pages/home 304 in 70ms :: {"content":{"heroTitle":" ","heroSubt…
GET /api/user/3ee8e062-064f-4845-ac4a-e2ddcb0bb6a1/notifications/unread-count 3…
GET /api/banners 304 in 88ms :: {"banners":[]}
GET /api/partners 304 in 88ms :: {"partners":[{"id":"355e0528-9028-407f-8470-ab…
GET /api/videos 304 in 89ms :: {"videos":[{"id":"568eb091-b48f-4493-8127-41be14…
GET /api/news 304 in 88ms :: {"news":[{"id":"f13ce3e5-ec60-4844-b96f-8674a07416…
GET /api/user/3ee8e062-064f-4845-ac4a-e2ddcb0bb6a1/notifications/unread-count 3…
GET /api/static-pages/home 304 in 127ms :: {"content":{"heroTitle":" ","heroSub…
GET /api/news 304 in 125ms :: {"news":[{"id":"f13ce3e5-ec60-4844-b96f-8674a0741…
GET /api/banners 304 in 140ms :: {"banners":[]}
GET /api/videos 304 in 145ms :: {"videos":[{"id":"568eb091-b48f-4493-8127-41be1…
GET /api/partners 304 in 233ms :: {"partners":[{"id":"355e0528-9028-407f-8470-a…
GET /api/banners 304 in 84ms :: {"banners":[]}
GET /api/static-pages/home 304 in 92ms :: {"content":{"heroTitle":" ","heroSubt…
GET /api/videos 304 in 109ms :: {"videos":[{"id":"568eb091-b48f-4493-8127-41be1…
GET /api/partners 304 in 120ms :: {"partners":[{"id":"355e0528-9028-407f-8470-a…
GET /api/news 304 in 124ms :: {"news":[{"id":"f13ce3e5-ec60-4844-b96f-8674a0741…
GET /api/user/3ee8e062-064f-4845-ac4a-e2ddcb0bb6a1/notifications/unread-count 3…
GET /api/businesses 200 in 5ms :: {"businesses":[{"id":"8bbf60aa-5af4-4ba9-aed2…
GET /api/businesses/bus_001 200 in 4ms :: {"business":{"id":"bus_001","name":"R…
GET /api/businesses/bus_001/reviews 200 in 2ms :: {"reviews":[{"id":"0e62ae7b-6…
POST /api/analytics/event 201 in 2ms :: {"event":{"id":"8bd3442a-d8fb-480b-bc15…
POST /api/analytics/event 201 in 2ms :: {"event":{"id":"6d804f29-b540-412b-a2b5…
POST /api/analytics/event 201 in 2ms :: {"event":{"id":"82c31a87-beb2-4417-b89c…
GET /api/banners 304 in 77ms :: {"banners":[]}
GET /api/user/3ee8e062-064f-4845-ac4a-e2ddcb0bb6a1/notifications/unread-count 3…
GET /api/businesses 304 in 6ms :: {"businesses":[{"id":"8bbf60aa-5af4-4ba9-aed2…
GET /api/partners 304 in 93ms :: {"partners":[{"id":"355e0528-9028-407f-8470-ab…
GET /api/businesses/bus_001 304 in 5ms :: {"business":{"id":"bus_001","name":"R…
GET /api/videos 304 in 95ms :: {"videos":[{"id":"568eb091-b48f-4493-8127-41be14…
GET /api/businesses/bus_001/reviews 304 in 7ms :: {"reviews":[{"id":"0e62ae7b-6…
GET /api/news 304 in 101ms :: {"news":[{"id":"f13ce3e5-ec60-4844-b96f-8674a0741…
GET /api/static-pages/home 304 in 98ms :: {"content":{"heroTitle":" ","heroSubt…
GET /api/static-pages/home 304 in 2ms :: {"content":{"heroTitle":" ","heroSubti…
GET /api/news 304 in 4ms :: {"news":[{"id":"f13ce3e5-ec60-4844-b96f-8674a07416d…
GET /api/videos 304 in 3ms :: {"videos":[{"id":"568eb091-b48f-4493-8127-41be143…
GET /api/partners 304 in 3ms :: {"partners":[{"id":"355e0528-9028-407f-8470-ab2…
GET /api/banners 304 in 3ms :: {"banners":[]}
GET /api/accommodations/search 200 in 80ms :: {"accommodations":[{"id":"52969cb…
GET /api/accommodations/7db3577e-3055-421d-bb63-f97b3e5a7200/availability 200 i…
GET /api/accommodations/7db3577e-3055-421d-bb63-f97b3e5a7200/reviews 200 in 4ms…
POST /api/analytics/event 201 in 3ms :: {"event":{"id":"a33a82b4-febe-4469-aae6…
GET /api/businesses 304 in 75ms :: {"businesses":[{"id":"8bbf60aa-5af4-4ba9-aed…
GET /api/videos 304 in 5ms :: {"videos":[{"id":"568eb091-b48f-4493-8127-41be143…
GET /api/businesses/bus_001 304 in 84ms :: {"business":{"id":"bus_001","name":"…
GET /api/user/3ee8e062-064f-4845-ac4a-e2ddcb0bb6a1/notifications/unread-count 3…
GET /api/partners 304 in 6ms :: {"partners":[{"id":"355e0528-9028-407f-8470-ab2…
GET /api/banners 304 in 7ms :: {"banners":[]}
GET /api/businesses/bus_001/reviews 304 in 98ms :: {"reviews":[{"id":"0e62ae7b-…
GET /api/news 304 in 103ms :: {"news":[{"id":"f13ce3e5-ec60-4844-b96f-8674a0741…
GET /api/static-pages/home 304 in 101ms :: {"content":{"heroTitle":" ","heroSub…
GET /api/user/3ee8e062-064f-4845-ac4a-e2ddcb0bb6a1/notifications/unread-count 3…
GET /api/businesses/bus_001/reviews 304 in 5ms :: {"reviews":[{"id":"0e62ae7b-6…
GET /api/news 304 in 4ms :: {"news":[{"id":"f13ce3e5-ec60-4844-b96f-8674a07416d…
GET /api/partners 304 in 87ms :: {"partners":[{"id":"355e0528-9028-407f-8470-ab…
GET /api/businesses 304 in 93ms :: {"businesses":[{"id":"8bbf60aa-5af4-4ba9-aed…
GET /api/static-pages/home 304 in 4ms :: {"content":{"heroTitle":" ","heroSubti…
GET /api/banners 304 in 98ms :: {"banners":[]}
GET /api/videos 304 in 99ms :: {"videos":[{"id":"568eb091-b48f-4493-8127-41be14…
GET /api/businesses/bus_001 304 in 101ms :: {"business":{"id":"bus_001","name":…
